#
# There is insufficient memory for the Java Runtime Environment to continue.
# Native memory allocation (malloc) failed to allocate 32744 bytes for ChunkPool::allocate
# Possible reasons:
#   The system is out of physical RAM or swap space
#   The process is running with CompressedOops enabled, and the Java Heap may be blocking the growth of the native heap
# Possible solutions:
#   Reduce memory load on the system
#   Increase physical memory or swap space
#   Check if swap backing store is full
#   Decrease Java heap size (-Xmx/-Xms)
#   Decrease number of Java threads
#   Decrease Java thread stack sizes (-Xss)
#   Set larger code cache with -XX:ReservedCodeCacheSize=
#   JVM is running with Unscaled Compressed Oops mode in which the Java heap is
#     placed in the first 4GB address space. The Java Heap base address is the
#     maximum limit for the native heap growth. Please use -XX:HeapBaseMinAddress
#     to set the Java Heap base and to place the Java Heap above 4GB virtual address.
# This output file may be truncated or incomplete.
#
#  Out of Memory Error (allocation.cpp:272), pid=7228, tid=0x00000000000022c0
#
# JRE version: OpenJDK Runtime Environment (8.0_202-b03) (build 1.8.0_202-release-1483-b03)
# Java VM: OpenJDK 64-Bit Server VM (25.202-b03 mixed mode windows-amd64 compressed oops)
# Failed to write core dump. Minidumps are not enabled by default on client versions of Windows
#

---------------  T H R E A D  ---------------

Current thread (0x0000000016cc9800):  JavaThread "C2 CompilerThread0" daemon [_thread_in_native, id=8896, stack(0x00000000185d0000,0x00000000186d0000)]

Stack: [0x00000000185d0000,0x00000000186d0000]
[error occurred during error reporting (printing stack bounds), id 0xc0000005]

Native frames: (J=compiled Java code, j=interpreted, Vv=VM code, C=native code)


Current CompileTask:
C2:3079536 22908       4       com.android.tools.r8.ir.regalloc.LinearScanRegisterAllocator::computeDebugInfo (1346 bytes)


---------------  P R O C E S S  ---------------

Java Threads: ( => current thread )
  0x000000001de6f000 JavaThread "ForkJoinPool-1-worker-1" daemon [_thread_in_Java, id=58300, stack(0x0000000024270000,0x0000000024370000)]
  0x000000001e08d000 JavaThread "Cache worker for Java compile cache (D:\Android\AndroidStudioProjects\Chapter-3-master\Homework\.gradle\5.1.1\javaCompile)" [_thread_blocked, id=89724, stack(0x0000000026e90000,0x0000000026f90000)]
  0x000000001e083800 JavaThread "Cache worker for Java compile cache (C:\Users\majia\.gradle\caches\5.1.1\javaCompile)" [_thread_blocked, id=85256, stack(0x00000000260c0000,0x00000000261c0000)]
  0x000000001e082800 JavaThread "stdout" daemon [_thread_in_native, id=26600, stack(0x00000000267c0000,0x00000000268c0000)]
  0x000000001e089800 JavaThread "stderr" daemon [_thread_in_native, id=99216, stack(0x00000000266c0000,0x00000000267c0000)]
  0x000000001e082000 JavaThread "stdout" daemon [_thread_in_native, id=93996, stack(0x00000000265c0000,0x00000000266c0000)]
  0x000000001e088000 JavaThread "stderr" daemon [_thread_in_native, id=9032, stack(0x00000000264c0000,0x00000000265c0000)]
  0x000000001e084000 JavaThread "stdout" daemon [_thread_in_native, id=88456, stack(0x00000000263c0000,0x00000000264c0000)]
  0x000000001e088800 JavaThread "stderr" daemon [_thread_in_native, id=93468, stack(0x00000000262c0000,0x00000000263c0000)]
  0x000000001e080800 JavaThread "pool-6-thread-1" [_thread_blocked, id=98144, stack(0x00000000261c0000,0x00000000262c0000)]
  0x000000001e085800 JavaThread "Cache worker for execution history cache (D:\Android\AndroidStudioProjects\Chapter-3-master\Homework\.gradle\5.1.1\executionHistory)" [_thread_blocked, id=58560, stack(0x0000000025fc0000,0x00000000260c0000)]
  0x000000001e07f000 JavaThread "Execution worker for ':' Thread 3" [_thread_blocked, id=55676, stack(0x0000000025ec0000,0x0000000025fc0000)]
  0x000000001e085000 JavaThread "Execution worker for ':' Thread 2" [_thread_blocked, id=98124, stack(0x0000000025dc0000,0x0000000025ec0000)]
  0x000000001e081000 JavaThread "Execution worker for ':'" [_thread_blocked, id=75300, stack(0x0000000025cc0000,0x0000000025dc0000)]
  0x000000001984b800 JavaThread "Cache worker for file content cache (D:\Android\AndroidStudioProjects\Chapter-3-master\Homework\.gradle\5.1.1\fileContent)" [_thread_blocked, id=21772, stack(0x0000000025670000,0x0000000025770000)]
  0x000000001984a000 JavaThread "Cache worker for file content cache (C:\Users\majia\.gradle\caches\5.1.1\fileContent)" [_thread_blocked, id=86080, stack(0x0000000023c30000,0x0000000023d30000)]
  0x0000000018fda800 JavaThread "Cache worker for Build Output Cleanup Cache (D:\Android\AndroidStudioProjects\Chapter-3-master\Homework\.gradle\buildOutputCleanup)" [_thread_blocked, id=96336, stack(0x0000000022730000,0x0000000022830000)]
  0x0000000018fda000 JavaThread "Build operations Thread 4" [_thread_blocked, id=5544, stack(0x0000000022630000,0x0000000022730000)]
  0x0000000018fd7800 JavaThread "Build operations Thread 3" [_thread_blocked, id=37284, stack(0x0000000022530000,0x0000000022630000)]
  0x0000000018fd7000 JavaThread "Build operations Thread 2" [_thread_blocked, id=93924, stack(0x0000000022030000,0x0000000022130000)]
  0x0000000018fd9000 JavaThread "Build operations" [_thread_blocked, id=90152, stack(0x000000001f0b0000,0x000000001f1b0000)]
  0x0000000018fd8800 JavaThread "Cache worker for cache directory md-rule (C:\Users\majia\.gradle\caches\5.1.1\md-rule)" [_thread_blocked, id=46472, stack(0x000000001e710000,0x000000001e810000)]
  0x0000000018fd1000 JavaThread "Cache worker for cache directory md-supplier (C:\Users\majia\.gradle\caches\5.1.1\md-supplier)" [_thread_blocked, id=85004, stack(0x000000001d440000,0x000000001d540000)]
  0x0000000018fd6000 JavaThread "Cache worker for file hash cache (D:\Android\AndroidStudioProjects\Chapter-3-master\Homework\.gradle\5.1.1\fileHashes)" [_thread_blocked, id=98608, stack(0x000000001aea0000,0x000000001afa0000)]
  0x0000000018fd2800 JavaThread "Thread-49" [_thread_blocked, id=11372, stack(0x000000001ada0000,0x000000001aea0000)]
  0x0000000018fd1800 JavaThread "Stdin handler" [_thread_blocked, id=13308, stack(0x000000001aca0000,0x000000001ada0000)]
  0x0000000018fd4800 JavaThread "Asynchronous log dispatcher for DefaultDaemonConnection: socket connection from /127.0.0.1:55100 to /127.0.0.1:63994" [_thread_blocked, id=8664, stack(0x000000001aba0000,0x000000001aca0000)]
  0x0000000018fd5800 JavaThread "Daemon worker Thread 3" [_thread_blocked, id=64424, stack(0x000000001aaa0000,0x000000001aba0000)]
  0x0000000018fcb800 JavaThread "Cancel handler" [_thread_blocked, id=47376, stack(0x000000001a7a0000,0x000000001a8a0000)]
  0x0000000018fce000 JavaThread "Handler for socket connection from /127.0.0.1:55100 to /127.0.0.1:63994" [_thread_in_native, id=89068, stack(0x000000001a6a0000,0x000000001a7a0000)]
  0x0000000018fce800 JavaThread "Daemon Thread 3" [_thread_blocked, id=22504, stack(0x0000000001190000,0x0000000001290000)]
  0x0000000018fd4000 JavaThread "Memory manager" [_thread_blocked, id=28612, stack(0x0000000025570000,0x0000000025670000)]
  0x000000001984e000 JavaThread "Cache worker for execution history cache (C:\Users\majia\.gradle\caches\5.1.1\executionHistory)" [_thread_blocked, id=82128, stack(0x0000000020390000,0x0000000020490000)]
  0x0000000019848800 JavaThread "Cache worker for journal cache (C:\Users\majia\.gradle\caches\journal-1)" [_thread_blocked, id=71316, stack(0x000000001b1a0000,0x000000001b2a0000)]
  0x000000001984b000 JavaThread "File lock request listener" [_thread_in_native, id=8064, stack(0x000000001b0a0000,0x000000001b1a0000)]
  0x0000000019e88000 JavaThread "Cache worker for file hash cache (C:\Users\majia\.gradle\caches\5.1.1\fileHashes)" [_thread_blocked, id=98952, stack(0x000000001afa0000,0x000000001b0a0000)]
  0x00000000197cc800 JavaThread "Daemon periodic checks" [_thread_blocked, id=95312, stack(0x000000001a5a0000,0x000000001a6a0000)]
  0x00000000181ff000 JavaThread "Incoming local TCP Connector on port 55100" [_thread_in_native, id=98060, stack(0x000000001a4a0000,0x000000001a5a0000)]
  0x0000000018068800 JavaThread "Service Thread" daemon [_thread_blocked, id=9156, stack(0x00000000188d0000,0x00000000189d0000)]
  0x0000000017ff9000 JavaThread "C1 CompilerThread2" daemon [_thread_blocked, id=98080, stack(0x00000000187d0000,0x00000000188d0000)]
  0x0000000016ccd000 JavaThread "C2 CompilerThread1" daemon [_thread_in_native, id=59844, stack(0x00000000186d0000,0x00000000187d0000)]
=>0x0000000016cc9800 JavaThread "C2 CompilerThread0" daemon [_thread_in_native, id=8896, stack(0x00000000185d0000,0x00000000186d0000)]
  0x0000000016c7d000 JavaThread "Attach Listener" daemon [_thread_blocked, id=93728, stack(0x00000000184d0000,0x00000000185d0000)]
  0x0000000017fd8800 JavaThread "Signal Dispatcher" daemon [_thread_blocked, id=87052, stack(0x00000000183d0000,0x00000000184d0000)]
  0x00000000032f9800 JavaThread "Finalizer" daemon [_thread_blocked, id=99148, stack(0x0000000017ed0000,0x0000000017fd0000)]
  0x00000000032f1000 JavaThread "Reference Handler" daemon [_thread_blocked, id=83672, stack(0x0000000017dd0000,0x0000000017ed0000)]
  0x00000000031fd800 JavaThread "main" [_thread_blocked, id=91752, stack(0x0000000003040000,0x0000000003140000)]

Other Threads:
  0x0000000016c36000 VMThread [stack: 0x0000000017cd0000,0x0000000017dd0000] [id=98916]
  0x000000001806a000 WatcherThread [stack: 0x00000000189d0000,0x0000000018ad0000] [id=78100]

VM state:not at safepoint (normal execution)

VM Mutex/Monitor currently owned by a thread: None

heap address: 0x00000000a0000000, size: 1536 MB, Compressed Oops mode: 32-bit
Narrow klass base: 0x0000000000000000, Narrow klass shift: 3
Compressed class space size: 1073741824 Address: 0x0000000100000000

Heap:
 PSYoungGen      total 487424K, used 293195K [0x00000000e0000000, 0x0000000100000000, 0x0000000100000000)
  eden space 458240K, 63% used [0x00000000e0000000,0x00000000f1d7ca80,0x00000000fbf80000)
  from space 29184K, 2% used [0x00000000fbf80000,0x00000000fc0563a0,0x00000000fdc00000)
  to   space 28672K, 0% used [0x00000000fe400000,0x00000000fe400000,0x0000000100000000)
 ParOldGen       total 175616K, used 72706K [0x00000000a0000000, 0x00000000aab80000, 0x00000000e0000000)
  object space 175616K, 41% used [0x00000000a0000000,0x00000000a47008b8,0x00000000aab80000)
 Metaspace       used 98752K, capacity 102346K, committed 102528K, reserved 1138688K
  class space    used 12102K, capacity 12865K, committed 12928K, reserved 1048576K

Card table byte_map: [0x00000000126c0000,0x00000000129d0000] byte_map_base: 0x00000000121c0000

Marking Bits: (ParMarkBitMap*) 0x0000000059109f30
 Begin Bits: [0x0000000012fd0000, 0x00000000147d0000)
 End Bits:   [0x00000000147d0000, 0x0000000015fd0000)

Polling page: 0x0000000000bf0000

CodeCache: size=245760Kb used=65997Kb max_used=65997Kb free=179762Kb
 bounds [0x0000000003300000, 0x00000000073d0000, 0x0000000012300000]
 total_blobs=19640 nmethods=18720 adapters=831
 compilation: enabled

Compilation events (10 events):
Event: 3079.456 Thread 0x0000000017ff9000 22980       2       com.android.tools.r8.dex.DexParser::typeListAt (23 bytes)
Event: 3079.457 Thread 0x0000000017ff9000 nmethod 22980 0x00000000073c3750 code [0x00000000073c38c0, 0x00000000073c3b08]
Event: 3079.457 Thread 0x0000000017ff9000 22981       2       com.android.tools.r8.dex.DexParser$$Lambda$615/900331287::get$Lambda (9 bytes)
Event: 3079.457 Thread 0x0000000017ff9000 nmethod 22981 0x00000000073c3c50 code [0x00000000073c3da0, 0x00000000073c3f30]
Event: 3079.457 Thread 0x0000000017ff9000 22986       2       com.android.tools.r8.dex.DexParser$$Lambda$615/900331287::get (8 bytes)
Event: 3079.457 Thread 0x0000000017ff9000 nmethod 22986 0x00000000073c3fd0 code [0x00000000073c4140, 0x00000000073c42a8]
Event: 3079.482 Thread 0x0000000017ff9000 22993 %     3       com.android.tools.r8.utils.LebUtils::parseUleb128 @ 4 (70 bytes)
Event: 3079.482 Thread 0x0000000017ff9000 nmethod 22993% 0x00000000073c4390 code [0x00000000073c4520, 0x00000000073c4948]
Event: 3079.482 Thread 0x0000000017ff9000 22994       3       com.android.tools.r8.utils.LebUtils::parseUleb128 (70 bytes)
Event: 3079.483 Thread 0x0000000017ff9000 nmethod 22994 0x00000000073c4ad0 code [0x00000000073c4c60, 0x00000000073c5048]

GC Heap History (10 events):
Event: 3068.021 GC heap before
{Heap before GC invocations=35 (full 4):
 PSYoungGen      total 381440K, used 353168K [0x00000000e0000000, 0x00000000f9600000, 0x0000000100000000)
  eden space 348160K, 100% used [0x00000000e0000000,0x00000000f5400000,0x00000000f5400000)
  from space 33280K, 15% used [0x00000000f7580000,0x00000000f7a64118,0x00000000f9600000)
  to   space 33792K, 0% used [0x00000000f5400000,0x00000000f5400000,0x00000000f7500000)
 ParOldGen       total 175616K, used 66792K [0x00000000a0000000, 0x00000000aab80000, 0x00000000e0000000)
  object space 175616K, 38% used [0x00000000a0000000,0x00000000a413a100,0x00000000aab80000)
 Metaspace       used 98349K, capacity 101878K, committed 102016K, reserved 1138688K
  class space    used 12063K, capacity 12825K, committed 12928K, reserved 1048576K
Event: 3068.038 GC heap after
Heap after GC invocations=35 (full 4):
 PSYoungGen      total 381952K, used 5142K [0x00000000e0000000, 0x00000000fcc00000, 0x0000000100000000)
  eden space 348160K, 0% used [0x00000000e0000000,0x00000000e0000000,0x00000000f5400000)
  from space 33792K, 15% used [0x00000000f5400000,0x00000000f5905978,0x00000000f7500000)
  to   space 32768K, 0% used [0x00000000fac00000,0x00000000fac00000,0x00000000fcc00000)
 ParOldGen       total 175616K, used 69891K [0x00000000a0000000, 0x00000000aab80000, 0x00000000e0000000)
  object space 175616K, 39% used [0x00000000a0000000,0x00000000a4440cd8,0x00000000aab80000)
 Metaspace       used 98349K, capacity 101878K, committed 102016K, reserved 1138688K
  class space    used 12063K, capacity 12825K, committed 12928K, reserved 1048576K
}
Event: 3070.044 GC heap before
{Heap before GC invocations=36 (full 4):
 PSYoungGen      total 381952K, used 353302K [0x00000000e0000000, 0x00000000fcc00000, 0x0000000100000000)
  eden space 348160K, 100% used [0x00000000e0000000,0x00000000f5400000,0x00000000f5400000)
  from space 33792K, 15% used [0x00000000f5400000,0x00000000f5905978,0x00000000f7500000)
  to   space 32768K, 0% used [0x00000000fac00000,0x00000000fac00000,0x00000000fcc00000)
 ParOldGen       total 175616K, used 69891K [0x00000000a0000000, 0x00000000aab80000, 0x00000000e0000000)
  object space 175616K, 39% used [0x00000000a0000000,0x00000000a4440cd8,0x00000000aab80000)
 Metaspace       used 98367K, capacity 101946K, committed 102272K, reserved 1138688K
  class space    used 12063K, capacity 12825K, committed 12928K, reserved 1048576K
Event: 3070.055 GC heap after
Heap after GC invocations=36 (full 4):
 PSYoungGen      total 430080K, used 2392K [0x00000000e0000000, 0x00000000fc700000, 0x0000000100000000)
  eden space 402432K, 0% used [0x00000000e0000000,0x00000000e0000000,0x00000000f8900000)
  from space 27648K, 8% used [0x00000000fac00000,0x00000000fae56348,0x00000000fc700000)
  to   space 31744K, 0% used [0x00000000f8900000,0x00000000f8900000,0x00000000fa800000)
 ParOldGen       total 175616K, used 70651K [0x00000000a0000000, 0x00000000aab80000, 0x00000000e0000000)
  object space 175616K, 40% used [0x00000000a0000000,0x00000000a44fef78,0x00000000aab80000)
 Metaspace       used 98367K, capacity 101946K, committed 102272K, reserved 1138688K
  class space    used 12063K, capacity 12825K, committed 12928K, reserved 1048576K
}
Event: 3071.953 GC heap before
{Heap before GC invocations=37 (full 4):
 PSYoungGen      total 430080K, used 404824K [0x00000000e0000000, 0x00000000fc700000, 0x0000000100000000)
  eden space 402432K, 100% used [0x00000000e0000000,0x00000000f8900000,0x00000000f8900000)
  from space 27648K, 8% used [0x00000000fac00000,0x00000000fae56348,0x00000000fc700000)
  to   space 31744K, 0% used [0x00000000f8900000,0x00000000f8900000,0x00000000fa800000)
 ParOldGen       total 175616K, used 70651K [0x00000000a0000000, 0x00000000aab80000, 0x00000000e0000000)
  object space 175616K, 40% used [0x00000000a0000000,0x00000000a44fef78,0x00000000aab80000)
 Metaspace       used 98407K, capacity 101956K, committed 102272K, reserved 1138688K
  class space    used 12063K, capacity 12826K, committed 12928K, reserved 1048576K
Event: 3071.994 GC heap after
Heap after GC invocations=37 (full 4):
 PSYoungGen      total 434176K, used 2216K [0x00000000e0000000, 0x0000000100000000, 0x0000000100000000)
  eden space 402432K, 0% used [0x00000000e0000000,0x00000000e0000000,0x00000000f8900000)
  from space 31744K, 6% used [0x00000000f8900000,0x00000000f8b2a278,0x00000000fa800000)
  to   space 31232K, 0% used [0x00000000fe180000,0x00000000fe180000,0x0000000100000000)
 ParOldGen       total 175616K, used 71094K [0x00000000a0000000, 0x00000000aab80000, 0x00000000e0000000)
  object space 175616K, 40% used [0x00000000a0000000,0x00000000a456d930,0x00000000aab80000)
 Metaspace       used 98407K, capacity 101956K, committed 102272K, reserved 1138688K
  class space    used 12063K, capacity 12826K, committed 12928K, reserved 1048576K
}
Event: 3074.530 GC heap before
{Heap before GC invocations=38 (full 4):
 PSYoungGen      total 434176K, used 404648K [0x00000000e0000000, 0x0000000100000000, 0x0000000100000000)
  eden space 402432K, 100% used [0x00000000e0000000,0x00000000f8900000,0x00000000f8900000)
  from space 31744K, 6% used [0x00000000f8900000,0x00000000f8b2a278,0x00000000fa800000)
  to   space 31232K, 0% used [0x00000000fe180000,0x00000000fe180000,0x0000000100000000)
 ParOldGen       total 175616K, used 71094K [0x00000000a0000000, 0x00000000aab80000, 0x00000000e0000000)
  object space 175616K, 40% used [0x00000000a0000000,0x00000000a456d930,0x00000000aab80000)
 Metaspace       used 98443K, capacity 102020K, committed 102272K, reserved 1138688K
  class space    used 12064K, capacity 12826K, committed 12928K, reserved 1048576K
Event: 3074.544 GC heap after
Heap after GC invocations=38 (full 4):
 PSYoungGen      total 481792K, used 8741K [0x00000000e0000000, 0x00000000ff880000, 0x0000000100000000)
  eden space 458240K, 0% used [0x00000000e0000000,0x00000000e0000000,0x00000000fbf80000)
  from space 23552K, 37% used [0x00000000fe180000,0x00000000fea097d0,0x00000000ff880000)
  to   space 29184K, 0% used [0x00000000fbf80000,0x00000000fbf80000,0x00000000fdc00000)
 ParOldGen       total 175616K, used 71247K [0x00000000a0000000, 0x00000000aab80000, 0x00000000e0000000)
  object space 175616K, 40% used [0x00000000a0000000,0x00000000a4593f98,0x00000000aab80000)
 Metaspace       used 98443K, capacity 102020K, committed 102272K, reserved 1138688K
  class space    used 12064K, capacity 12826K, committed 12928K, reserved 1048576K
}
Event: 3077.352 GC heap before
{Heap before GC invocations=39 (full 4):
 PSYoungGen      total 481792K, used 466981K [0x00000000e0000000, 0x00000000ff880000, 0x0000000100000000)
  eden space 458240K, 100% used [0x00000000e0000000,0x00000000fbf80000,0x00000000fbf80000)
  from space 23552K, 37% used [0x00000000fe180000,0x00000000fea097d0,0x00000000ff880000)
  to   space 29184K, 0% used [0x00000000fbf80000,0x00000000fbf80000,0x00000000fdc00000)
 ParOldGen       total 175616K, used 71247K [0x00000000a0000000, 0x00000000aab80000, 0x00000000e0000000)
  object space 175616K, 40% used [0x00000000a0000000,0x00000000a4593f98,0x00000000aab80000)
 Metaspace       used 98479K, capacity 102052K, committed 102272K, reserved 1138688K
  class space    used 12067K, capacity 12858K, committed 12928K, reserved 1048576K
Event: 3077.363 GC heap after
Heap after GC invocations=39 (full 4):
 PSYoungGen      total 487424K, used 856K [0x00000000e0000000, 0x0000000100000000, 0x0000000100000000)
  eden space 458240K, 0% used [0x00000000e0000000,0x00000000e0000000,0x00000000fbf80000)
  from space 29184K, 2% used [0x00000000fbf80000,0x00000000fc0563a0,0x00000000fdc00000)
  to   space 28672K, 0% used [0x00000000fe400000,0x00000000fe400000,0x0000000100000000)
 ParOldGen       total 175616K, used 72706K [0x00000000a0000000, 0x00000000aab80000, 0x00000000e0000000)
  object space 175616K, 41% used [0x00000000a0000000,0x00000000a47008b8,0x00000000aab80000)
 Metaspace       used 98479K, capacity 102052K, committed 102272K, reserved 1138688K
  class space    used 12067K, capacity 12858K, committed 12928K, reserved 1048576K
}

Deoptimization events (10 events):
Event: 3078.216 Thread 0x0000000018fd5800 Uncommon trap: reason=unstable_if action=reinterpret pc=0x000000000542dff0 method=com.google.common.cache.LocalCache$Segment.evictEntries(Lcom/google/common/cache/ReferenceEntry;)V @ 69
Event: 3078.411 Thread 0x0000000018fd5800 Uncommon trap: reason=unstable_if action=reinterpret pc=0x000000000355468c method=com.android.tools.r8.ir.optimize.CodeRewriter.disableDex2OatInliningForSelfRecursiveMethods(Lcom/android/tools/r8/ir/code/IRCode;Lcom/android/tools/r8/utils/InternalOptions;
Event: 3079.164 Thread 0x0000000018fd5800 Uncommon trap: reason=array_check action=maybe_recompile pc=0x000000000699e25c method=java.util.TimSort.mergeLo(IIII)V @ 81
Event: 3079.164 Thread 0x0000000018fd5800 Uncommon trap: reason=array_check action=maybe_recompile pc=0x000000000699e25c method=java.util.TimSort.mergeLo(IIII)V @ 81
Event: 3079.164 Thread 0x0000000018fd5800 Uncommon trap: reason=array_check action=maybe_recompile pc=0x000000000699e25c method=java.util.TimSort.mergeLo(IIII)V @ 81
Event: 3079.265 Thread 0x0000000018fd5800 Uncommon trap: reason=unstable_if action=reinterpret pc=0x0000000004ab7e5c method=java.lang.ref.SoftReference.get()Ljava/lang/Object; @ 6
Event: 3079.265 Thread 0x0000000018fd5800 Uncommon trap: reason=unstable_if action=reinterpret pc=0x0000000003a93bb8 method=java.lang.ref.SoftReference.get()Ljava/lang/Object; @ 6
Event: 3079.296 Thread 0x000000001de6f000 Uncommon trap: reason=unstable_if action=reinterpret pc=0x0000000005b189c8 method=java.nio.file.FileTreeWalker.getAttributes(Ljava/nio/file/Path;Z)Ljava/nio/file/attribute/BasicFileAttributes; @ 35
Event: 3079.296 Thread 0x000000001de6f000 Uncommon trap: reason=unstable_if action=reinterpret pc=0x0000000005b3d948 method=sun.nio.ch.ChannelInputStream.read([BII)I @ 37
Event: 3079.402 Thread 0x000000001de6f000 Uncommon trap: reason=unstable_if action=reinterpret pc=0x0000000004e56994 method=java.nio.Bits.getShort(Ljava/nio/ByteBuffer;IZ)S @ 1

Classes redefined (0 events):
No events

Internal exceptions (10 events):
Event: 3078.134 Thread 0x0000000018fd5800 Exception <a 'sun/nio/fs/WindowsException'> (0x00000000e25e7408) thrown at [D:\src\AOSP-openjdk-cygwin\jdk8u\hotspot\src\share\vm\prims\jni.cpp, line 710]
Event: 3078.143 Thread 0x0000000018fd5800 Exception <a 'sun/nio/fs/WindowsException'> (0x00000000e2646728) thrown at [D:\src\AOSP-openjdk-cygwin\jdk8u\hotspot\src\share\vm\prims\jni.cpp, line 710]
Event: 3078.170 Thread 0x0000000018fd5800 Exception <a 'sun/nio/fs/WindowsException'> (0x00000000e2be0a48) thrown at [D:\src\AOSP-openjdk-cygwin\jdk8u\hotspot\src\share\vm\prims\jni.cpp, line 710]
Event: 3078.188 Thread 0x0000000018fd5800 Exception <a 'sun/nio/fs/WindowsException'> (0x00000000e2d28780) thrown at [D:\src\AOSP-openjdk-cygwin\jdk8u\hotspot\src\share\vm\prims\jni.cpp, line 710]
Event: 3078.199 Thread 0x0000000018fd5800 Exception <a 'sun/nio/fs/WindowsException'> (0x00000000e2efab80) thrown at [D:\src\AOSP-openjdk-cygwin\jdk8u\hotspot\src\share\vm\prims\jni.cpp, line 710]
Event: 3078.227 Thread 0x0000000018fd5800 Exception <a 'sun/nio/fs/WindowsException'> (0x00000000e30a0760) thrown at [D:\src\AOSP-openjdk-cygwin\jdk8u\hotspot\src\share\vm\prims\jni.cpp, line 710]
Event: 3079.191 Thread 0x0000000018fd5800 Exception <a 'sun/nio/fs/WindowsException'> (0x00000000efa31f68) thrown at [D:\src\AOSP-openjdk-cygwin\jdk8u\hotspot\src\share\vm\prims\jni.cpp, line 710]
Event: 3079.265 Thread 0x0000000018fd5800 Implicit null exception at 0x0000000004ab7ad7 to 0x0000000004ab7e45
Event: 3079.265 Thread 0x0000000018fd5800 Implicit null exception at 0x0000000003a93960 to 0x0000000003a93b9d
Event: 3079.388 Thread 0x000000001de6f000 Exception <a 'sun/nio/fs/WindowsException'> (0x00000000f0613978) thrown at [D:\src\AOSP-openjdk-cygwin\jdk8u\hotspot\src\share\vm\prims\jni.cpp, line 710]

Events (10 events):
Event: 3079.424 Thread 0x000000001de6f000 DEOPT PACKING pc=0x00000000073998e8 sp=0x000000002436e850
Event: 3079.424 Thread 0x000000001de6f000 DEOPT UNPACKING pc=0x00000000033475d0 sp=0x000000002436e5f8 mode 0
Event: 3079.451 loading class com/android/tools/r8/graph/DexTypeList
Event: 3079.451 loading class com/android/tools/r8/graph/DexTypeList done
Event: 3079.451 loading class com/android/tools/r8/graph/DexTypeList
Event: 3079.451 loading class com/android/tools/r8/graph/DexTypeList done
Event: 3079.451 loading class com/android/tools/r8/dex/DexParser
Event: 3079.451 loading class com/android/tools/r8/dex/DexParser done
Event: 3079.483 Thread 0x000000001de6f000 DEOPT PACKING pc=0x00000000073b83d3 sp=0x000000002436e7f0
Event: 3079.483 Thread 0x000000001de6f000 DEOPT UNPACKING pc=0x00000000033475d0 sp=0x000000002436e510 mode 0


Dynamic libraries:
0x00007ff7ffe30000 - 0x00007ff7ffe61000 	D:\Android\Android Studio\jre\bin\java.exe
0x00007ffbb3180000 - 0x00007ffbb3370000 	C:\WINDOWS\SYSTEM32\ntdll.dll
0x00007ffbb1900000 - 0x00007ffbb19b2000 	C:\WINDOWS\System32\KERNEL32.DLL
0x00007ffbb0d60000 - 0x00007ffbb1003000 	C:\WINDOWS\System32\KERNELBASE.dll
0x00007ffbb2730000 - 0x00007ffbb27d3000 	C:\WINDOWS\System32\ADVAPI32.dll
0x00007ffbb30a0000 - 0x00007ffbb313e000 	C:\WINDOWS\System32\msvcrt.dll
0x00007ffbb1260000 - 0x00007ffbb12f7000 	C:\WINDOWS\System32\sechost.dll
0x00007ffbb1760000 - 0x00007ffbb1880000 	C:\WINDOWS\System32\RPCRT4.dll
0x00007ffbb1300000 - 0x00007ffbb1494000 	C:\WINDOWS\System32\USER32.dll
0x00007ffbb0d30000 - 0x00007ffbb0d51000 	C:\WINDOWS\System32\win32u.dll
0x00007ffbb27e0000 - 0x00007ffbb2806000 	C:\WINDOWS\System32\GDI32.dll
0x00007ffbb01c0000 - 0x00007ffbb0354000 	C:\WINDOWS\System32\gdi32full.dll
0x00007ffbb0460000 - 0x00007ffbb04fe000 	C:\WINDOWS\System32\msvcp_win.dll
0x00007ffbb0360000 - 0x00007ffbb045a000 	C:\WINDOWS\System32\ucrtbase.dll
0x00007ffb9ffe0000 - 0x00007ffba0265000 	C:\WINDOWS\WinSxS\amd64_microsoft.windows.common-controls_6595b64144ccf1df_6.0.18362.720_none_e6beb5c51314836b\COMCTL32.dll
0x00007ffbb2380000 - 0x00007ffbb26b6000 	C:\WINDOWS\System32\combase.dll
0x00007ffbb11b0000 - 0x00007ffbb1230000 	C:\WINDOWS\System32\bcryptPrimitives.dll
0x00007ffbb1230000 - 0x00007ffbb125e000 	C:\WINDOWS\System32\IMM32.DLL
0x0000000058860000 - 0x0000000058932000 	D:\Android\Android Studio\jre\jre\bin\msvcr100.dll
0x0000000058940000 - 0x0000000059186000 	D:\Android\Android Studio\jre\jre\bin\server\jvm.dll
0x00007ffbb19c0000 - 0x00007ffbb19c8000 	C:\WINDOWS\System32\PSAPI.DLL
0x00007ffba6590000 - 0x00007ffba65b4000 	C:\WINDOWS\SYSTEM32\WINMM.dll
0x00007ffba7af0000 - 0x00007ffba7afa000 	C:\WINDOWS\SYSTEM32\VERSION.dll
0x00007ffb9e140000 - 0x00007ffb9e149000 	C:\WINDOWS\SYSTEM32\WSOCK32.dll
0x00007ffba6560000 - 0x00007ffba658d000 	C:\WINDOWS\SYSTEM32\WINMMBASE.dll
0x00007ffbb1160000 - 0x00007ffbb11aa000 	C:\WINDOWS\System32\cfgmgr32.dll
0x0000000000fd0000 - 0x000000000103f000 	C:\WINDOWS\System32\ws2_32.DLL
0x00007ffbaa3d0000 - 0x00007ffbaa3df000 	D:\Android\Android Studio\jre\jre\bin\verify.dll
0x00007ffba5d10000 - 0x00007ffba5d39000 	D:\Android\Android Studio\jre\jre\bin\java.dll
0x00007ffba98d0000 - 0x00007ffba98e6000 	D:\Android\Android Studio\jre\jre\bin\zip.dll
0x00007ffbb29b0000 - 0x00007ffbb3095000 	C:\WINDOWS\System32\SHELL32.dll
0x00007ffbb16b0000 - 0x00007ffbb1759000 	C:\WINDOWS\System32\shcore.dll
0x00007ffbb05b0000 - 0x00007ffbb0d30000 	C:\WINDOWS\System32\windows.storage.dll
0x00007ffbb0070000 - 0x00007ffbb0093000 	C:\WINDOWS\System32\profapi.dll
0x00007ffbb00c0000 - 0x00007ffbb010a000 	C:\WINDOWS\System32\powrprof.dll
0x00007ffbb0040000 - 0x00007ffbb0050000 	C:\WINDOWS\System32\UMPDC.dll
0x00007ffbb1ea0000 - 0x00007ffbb1ef2000 	C:\WINDOWS\System32\shlwapi.dll
0x00007ffbb0050000 - 0x00007ffbb0061000 	C:\WINDOWS\System32\kernel.appcore.dll
0x00007ffbb0530000 - 0x00007ffbb0547000 	C:\WINDOWS\System32\cryptsp.dll
0x00007ffba87b0000 - 0x00007ffba87ca000 	D:\Android\Android Studio\jre\jre\bin\net.dll
0x00007ffbaf850000 - 0x00007ffbaf8b7000 	C:\WINDOWS\system32\mswsock.dll
0x00007ffba5f10000 - 0x00007ffba5f21000 	D:\Android\Android Studio\jre\jre\bin\nio.dll
0x00007ffba5bb0000 - 0x00007ffba5bce000 	C:\Users\majia\.gradle\native\25\windows-amd64\native-platform.dll
0x00007ffba96d0000 - 0x00007ffba96dd000 	D:\Android\Android Studio\jre\jre\bin\management.dll
0x00007ffbaf3c0000 - 0x00007ffbaf3f3000 	C:\WINDOWS\system32\rsaenh.dll
0x00007ffbb0500000 - 0x00007ffbb0526000 	C:\WINDOWS\System32\bcrypt.dll
0x00007ffbaff30000 - 0x00007ffbaff55000 	C:\WINDOWS\SYSTEM32\USERENV.dll
0x00007ffbafa20000 - 0x00007ffbafa2c000 	C:\WINDOWS\SYSTEM32\CRYPTBASE.dll
0x00007ffbaf560000 - 0x00007ffbaf59a000 	C:\WINDOWS\SYSTEM32\IPHLPAPI.DLL
0x00007ffbb2370000 - 0x00007ffbb2378000 	C:\WINDOWS\System32\NSI.dll
0x00007ffba8410000 - 0x00007ffba8426000 	C:\WINDOWS\SYSTEM32\dhcpcsvc6.DLL
0x00007ffba8550000 - 0x00007ffba856c000 	C:\WINDOWS\SYSTEM32\dhcpcsvc.DLL
0x00007ffbaf5a0000 - 0x00007ffbaf66a000 	C:\WINDOWS\SYSTEM32\DNSAPI.dll
0x00007ffba5730000 - 0x00007ffba5754000 	D:\Android\Android Studio\jre\jre\bin\sunec.dll
0x00007ffba83d0000 - 0x00007ffba83da000 	C:\Windows\System32\rasadhlp.dll
0x00007ffba8220000 - 0x00007ffba8297000 	C:\WINDOWS\System32\fwpuclnt.dll
0x00007ffba8760000 - 0x00007ffba876b000 	D:\Android\Android Studio\jre\jre\bin\sunmscapi.dll
0x00007ffbb1010000 - 0x00007ffbb1159000 	C:\WINDOWS\System32\CRYPT32.dll
0x00007ffbb00a0000 - 0x00007ffbb00b2000 	C:\WINDOWS\System32\MSASN1.dll
0x00007ffbadf00000 - 0x00007ffbadf8f000 	C:\WINDOWS\system32\apphelp.dll

VM Arguments:
jvm_args: -Xmx1536m -Dfile.encoding=GBK -Duser.country=CN -Duser.language=zh -Duser.variant 
java_command: org.gradle.launcher.daemon.bootstrap.GradleDaemon 5.1.1
java_class_path (initial): C:\Users\majia\.gradle\wrapper\dists\gradle-5.1.1-all\97z1ksx6lirer3kbvdnh7jtjg\gradle-5.1.1\lib\gradle-launcher-5.1.1.jar
Launcher Type: SUN_STANDARD

Environment Variables:
JAVA_HOME=D:\Java\jdk1.8.0_181
CLASSPATH=.;D:\Java\jdk1.8.0_181\lib\dt.jar;D:\Java\jdk1.8.0_181\lib\tools.jar
PATH=C:\WINDOWS\system32;C:\WINDOWS;C:\WINDOWS\System32\Wbem;C:\WINDOWS\System32\WindowsPowerShell\v1.0\;C:\Program Files\IDM Computer Solutions\UltraEdit;C:\WINDOWS\System32\OpenSSH\;C:\Program Files (x86)\Google\Chrome\Application;D:\Java\jdk1.8.0_181\bin;D:\Java\jdk1.8.0_181\jre\bin;D:\Git\cmd;D:\Python\Scripts\;D:\Python\;C:\Users\majia\AppData\Local\Microsoft\WindowsApps;C:\Users\majia\AppData\Local\GitHubDesktop\bin;C:\Users\majia\AppData\Local\Microsoft\WindowsApps;;D:\;D:\altera\quartus\bin\modelsim_ae\win32aloem;D:\PyCharm\PyCharm Community Edition 2019.2.2\bin;
USERNAME=majia
OS=Windows_NT
PROCESSOR_IDENTIFIER=Intel64 Family 6 Model 142 Stepping 9, GenuineIntel



---------------  S Y S T E M  ---------------

OS: Windows 10.0 , 64 bit Build 18362 (10.0.18362.329)

CPU:total 4 (initial active 4) (2 cores per cpu, 2 threads per core) family 6 model 142 stepping 9, cmov, cx8, fxsr, mmx, sse, sse2, sse3, ssse3, sse4.1, sse4.2, popcnt, avx, avx2, aes, clmul, erms, 3dnowpref, lzcnt, ht, tsc, tscinvbit, bmi1, bmi2, adx

Memory: 4k page, physical 8110232k(871448k free), swap 17133404k(5276k free)

vm_info: OpenJDK 64-Bit Server VM (25.202-b03) for windows-amd64 JRE (1.8.0_202-release-1483-b03), built by "builder" with MS VC++ 10.0 (VS2010)

time: Sat Apr 04 23:03:36 2020
timezone: 中国标准时间
elapsed time: 3079 seconds (0d 0h 51m 19s)

